<?xml version="1.0" encoding="UTF-8"?>
<!-- Generated by org.testng.reporters.JUnitXMLReporter -->
<testsuite hostname="DESKTOP-HTVADQ6" ignored="0" name="Default test" tests="2" failures="0" timestamp="17 Jul 2020 18:39:53 GMT" time="25.187" errors="0">
  <testcase name="loginApplication" time="2.931" classname="com.testngconcepts.com.DataProviderConcept"/>
  <testcase name="loginApplication" time="0.452" classname="com.testngconcepts.com.DataProviderConcept"/>
</testsuite> <!-- Default test -->
