<?xml version="1.0" encoding="UTF-8"?>
<!-- Generated by org.testng.reporters.JUnitXMLReporter -->
<testsuite hostname="DESKTOP-HTVADQ6" ignored="0" name="FunctionalTesting" tests="10" failures="1" timestamp="10 Jul 2020 16:25:04 GMT" time="90.069" errors="0">
  <testcase name="verifyValues" time="0.076" classname="com.testngconcepts.com.AssertionsConcept">
    <failure type="java.lang.AssertionError" message="The following asserts failed:
	Fruits are not same expected [orange] but found [apple],
	Numbers are not matching expected [20] but found [10],
	Link is not displayed expected [true] but found [false],
	Button should not be displayed expected [false] but found [true]">
      <![CDATA[java.lang.AssertionError: The following asserts failed:
Fruits are not same expected [orange] but found [apple],
Numbers are not matching expected [20] but found [10],
Link is not displayed expected [true] but found [false],
Button should not be displayed expected [false] but found [true]
at com.testngconcepts.com.AssertionsConcept.verifyValues(AssertionsConcept.java:30)
... Removed 26 stack frames]]>
    </failure>
  </testcase> <!-- verifyValues -->
  <testcase name="displayZipCode" time="0.002" classname="com.testngconcepts.com.FirstTestProgram"/>
  <testcase name="displaymessage" time="0.001" classname="com.testngconcepts.com.FirstTestProgram"/>
  <testcase name="displayname" time="0.001" classname="com.testngconcepts.com.FirstTestProgram"/>
  <testcase name="checkApplicationTitle" time="0.016" classname="com.testngconcepts.com.SurveyMonkeyLogin"/>
  <testcase name="checkApplicationTitle" time="0.022" classname="com.testngconcepts.com.SurveyMonkeyLoginAllAnnotations"/>
  <testcase name="signUpText" time="0.765" classname="com.testngconcepts.com.SurveyMonkeyLogin"/>
  <testcase name="signUpText" time="0.115" classname="com.testngconcepts.com.SurveyMonkeyLoginAllAnnotations"/>
  <testcase name="login" time="9.532" classname="com.testngconcepts.com.SurveyMonkeyLogin"/>
  <testcase name="login" time="4.279" classname="com.testngconcepts.com.SurveyMonkeyLoginAllAnnotations"/>
</testsuite> <!-- FunctionalTesting -->
